<?xml version="1.0" encoding="UTF-8"?>
<!-- Generated by org.testng.reporters.JUnitReportReporter -->
<testsuite hostname="SumanYoga" name="XeroTestScripts.TestScripts" tests="1" failures="0" timestamp="19 Oct 2018 20:43:01 GMT" time="11.326" errors="0">
  <testcase name="Navigate_To_XERO" time="11.326" classname="XeroTestScripts.TestScripts"/>
</testsuite> <!-- XeroTestScripts.TestScripts -->
